<!DOCTYPE html PUBLIC "-//W3C//DTD XHTML 1.1//EN" "http://www.w3.org/TR/xhtml11/DTD/xhtml11.dtd">
<html xmlns="http://www.w3.org/1999/xhtml"><head><title>TestNG Report</title><style type="text/css">table {margin-bottom:10px;border-collapse:collapse;empty-cells:show}th,td {border:1px solid #009;padding:.25em .5em}th {vertical-align:bottom}td {vertical-align:top}table a {font-weight:bold}.stripe td {background-color: #E6EBF9}.num {text-align:right}.passedodd td {background-color: #3F3}.passedeven td {background-color: #0A0}.skippedodd td {background-color: #DDD}.skippedeven td {background-color: #CCC}.failedodd td,.attn {background-color: #F33}.failedeven td,.stripe .attn {background-color: #D00}.stacktrace {white-space:pre;font-family:monospace}.totop {font-size:85%;text-align:center;border-bottom:2px solid #000}</style></head><body><table><tr><th>Test</th><th># Passed</th><th># Skipped</th><th># Failed</th><th>Time (ms)</th><th>Included Groups</th><th>Excluded Groups</th></tr><tr><th colspan="7">BrowersTestMain</th></tr><tr><td><a href="#t0">Wfx</a></td><td class="num">0</td><td class="num attn">3</td><td class="num">0</td><td class="num">19,541</td><td></td><td></td></tr><tr class="stripe"><td><a href="#t1">Vmfx</a></td><td class="num">3</td><td class="num">0</td><td class="num">0</td><td class="num">20,484</td><td></td><td></td></tr><tr><th>Total</th><th class="num">3</th><th class="num attn">3</th><th class="num">0</th><th class="num">40,025</th><th colspan="2"></th></tr></table><table><thead><tr><th>Class</th><th>Method</th><th>Start</th><th>Time (ms)</th></tr></thead><tbody><tr><th colspan="4">BrowersTestMain</th></tr></tbody><tbody id="t0"><tr><th colspan="4">Wfx &#8212; failed (configuration methods)</th></tr><tr class="failedeven"><td rowspan="1">leaplogin.BrowsersTestMain</td><td><a href="#m0">beforeTest</a></td><td rowspan="1">1436742834647</td><td rowspan="1">0</td></tr><tr><th colspan="4">Wfx &#8212; skipped (configuration methods)</th></tr><tr class="skippedeven"><td rowspan="1">leaplogin.BrowsersTestMain</td><td><a href="#m1">afterTest</a></td><td rowspan="1">1436742854184</td><td rowspan="1">0</td></tr><tr><th colspan="4">Wfx &#8212; skipped</th></tr><tr class="skippedeven"><td rowspan="3">leaplogin.BrowsersTestMain</td><td><a href="#m2">testLeaplogin</a></td><td rowspan="3">1436742854176</td><td rowspan="3">2</td></tr><tr class="skippedeven"><td><a href="#m3">testLeaplogin</a></td></tr><tr class="skippedeven"><td><a href="#m4">testLeaplogin</a></td></tr></tbody><tbody id="t1"><tr><th colspan="4">Vmfx &#8212; passed</th></tr><tr class="passedeven"><td rowspan="3">leaplogin.BrowsersTestMain</td><td><a href="#m5">testLeaplogin</a></td><td rowspan="3">1436742871584</td><td rowspan="3">828</td></tr><tr class="passedeven"><td><a href="#m6">testLeaplogin</a></td></tr><tr class="passedeven"><td><a href="#m7">testLeaplogin</a></td></tr></tbody></table><h2>Wfx</h2><h3 id="m0">leaplogin.BrowsersTestMain#beforeTest</h3><table class="result"><tr class="param"><th>Parameter #1</th><th>Parameter #2</th><th>Parameter #3</th><th>Parameter #4</th></tr><tr class="param stripe"><td>firefox</td><td>39.0</td><td>windows</td><td>https://internal-future-dot-leap-app-future.appspot.com/</td></tr><tr><th colspan="4">Exception</th></tr><tr><td colspan="4"><div class="stacktrace">org.openqa.selenium.NoSuchElementException: Unable to locate element: {&quot;method&quot;:&quot;xpath&quot;,&quot;selector&quot;:&quot;//div[@id=&apos;_tools&apos;]/div/div/div[2]/div/div[1]&quot;}
For documentation on this error, please visit: http://seleniumhq.org/exceptions/no_such_element.html
Build info: version: &apos;2.46.0&apos;, revision: &apos;87c69e2&apos;, time: &apos;2015-06-04 16:16:47&apos;
System info: host: &apos;Lakshmi&apos;, ip: &apos;10.60.1.234&apos;, os.name: &apos;Windows 8.1&apos;, os.arch: &apos;amd64&apos;, os.version: &apos;6.3&apos;, java.version: &apos;1.8.0_45&apos;
Driver info: driver.version: unknown
Command duration or timeout: 731 milliseconds
For documentation on this error, please visit: http://seleniumhq.org/exceptions/no_such_element.html
Build info: version: &apos;2.46.0&apos;, revision: &apos;87c69e2&apos;, time: &apos;2015-06-04 16:17:10&apos;
System info: host: &apos;Lakshmi&apos;, ip: &apos;10.60.1.234&apos;, os.name: &apos;Windows 8.1&apos;, os.arch: &apos;amd64&apos;, os.version: &apos;6.3&apos;, java.version: &apos;1.8.0_45&apos;
Driver info: org.openqa.selenium.remote.RemoteWebDriver
Capabilities [{applicationCacheEnabled=true, rotatable=false, handlesAlerts=true, databaseEnabled=true, version=39.0, platform=WINDOWS, nativeEvents=false, acceptSslCerts=true, webdriver.remote.sessionid=f205f047-3cee-45ef-83a4-63e397759dbc, webStorageEnabled=true, locationContextEnabled=true, browserName=firefox, takesScreenshot=true, javascriptEnabled=true, cssSelectorsEnabled=true}]
Session ID: f205f047-3cee-45ef-83a4-63e397759dbc
*** Element info: {Using=xpath, value=//div[@id=&apos;_tools&apos;]/div/div/div[2]/div/div[1]}
	at org.openqa.selenium.remote.ErrorHandler.createThrowable(ErrorHandler.java:204)
	at org.openqa.selenium.remote.ErrorHandler.throwIfResponseFailed(ErrorHandler.java:156)
	at org.openqa.selenium.remote.RemoteWebDriver.execute(RemoteWebDriver.java:605)
	at org.openqa.selenium.remote.RemoteWebDriver.findElement(RemoteWebDriver.java:358)
	at org.openqa.selenium.remote.RemoteWebDriver.findElementByXPath(RemoteWebDriver.java:455)
	at org.openqa.selenium.By$ByXPath.findElement(By.java:358)
	at org.openqa.selenium.remote.RemoteWebDriver.findElement(RemoteWebDriver.java:350)
	at leaplogin.BrowsersTestDriver.login(BrowsersTestDriver.java:138)
	at leaplogin.BrowsersTestMain.beforeTest(BrowsersTestMain.java:50)
Caused by: org.openqa.selenium.remote.ScreenshotException: Screen shot has been taken
Build info: version: &apos;2.46.0&apos;, revision: &apos;87c69e2&apos;, time: &apos;2015-06-04 16:17:10&apos;
System info: host: &apos;Lakshmi&apos;, ip: &apos;10.60.1.234&apos;, os.name: &apos;Windows 8.1&apos;, os.arch: &apos;amd64&apos;, os.version: &apos;6.3&apos;, java.version: &apos;1.8.0_45&apos;
Driver info: driver.version: BrowsersTestDriver
	at org.openqa.selenium.remote.ErrorHandler.throwIfResponseFailed(ErrorHandler.java:136)
	... 29 more
Caused by: org.openqa.selenium.NoSuchElementException: Unable to locate element: {&quot;method&quot;:&quot;xpath&quot;,&quot;selector&quot;:&quot;//div[@id=&apos;_tools&apos;]/div/div/div[2]/div/div[1]&quot;}
For documentation on this error, please visit: http://seleniumhq.org/exceptions/no_such_element.html
Build info: version: &apos;2.46.0&apos;, revision: &apos;87c69e2&apos;, time: &apos;2015-06-04 16:16:47&apos;
System info: host: &apos;Lakshmi&apos;, ip: &apos;10.60.1.234&apos;, os.name: &apos;Windows 8.1&apos;, os.arch: &apos;amd64&apos;, os.version: &apos;6.3&apos;, java.version: &apos;1.8.0_45&apos;
Driver info: driver.version: unknown
For documentation on this error, please visit: http://seleniumhq.org/exceptions/no_such_element.html
Build info: version: &apos;2.46.0&apos;, revision: &apos;87c69e2&apos;, time: &apos;2015-06-04 16:17:10&apos;
System info: host: &apos;Lakshmi&apos;, ip: &apos;10.60.1.234&apos;, os.name: &apos;Windows 8.1&apos;, os.arch: &apos;amd64&apos;, os.version: &apos;6.3&apos;, java.version: &apos;1.8.0_45&apos;
Driver info: driver.version: unknown
	at &lt;anonymous class&gt;.FirefoxDriver.prototype.findElementInternal_(file:///C:/Users/lakshmi/AppData/Local/Temp/anonymous1588802910482055263webdriver-profile/extensions/fxdriver@googlecode.com/components/driver-component.js:10299)
	at &lt;anonymous class&gt;.FirefoxDriver.prototype.findElement(file:///C:/Users/lakshmi/AppData/Local/Temp/anonymous1588802910482055263webdriver-profile/extensions/fxdriver@googlecode.com/components/driver-component.js:10308)
	at &lt;anonymous class&gt;.DelayedCommand.prototype.executeInternal_/h(file:///C:/Users/lakshmi/AppData/Local/Temp/anonymous1588802910482055263webdriver-profile/extensions/fxdriver@googlecode.com/components/command-processor.js:12282)
	at &lt;anonymous class&gt;.DelayedCommand.prototype.executeInternal_(file:///C:/Users/lakshmi/AppData/Local/Temp/anonymous1588802910482055263webdriver-profile/extensions/fxdriver@googlecode.com/components/command-processor.js:12287)
	at &lt;anonymous class&gt;.DelayedCommand.prototype.execute/&lt;(file:///C:/Users/lakshmi/AppData/Local/Temp/anonymous1588802910482055263webdriver-profile/extensions/fxdriver@googlecode.com/components/command-processor.js:12229)
... Removed 26 stack frames</div></td></tr></table><p class="totop"><a href="#summary">back to summary</a></p><h3 id="m1">leaplogin.BrowsersTestMain#afterTest</h3><table class="result"></table><p class="totop"><a href="#summary">back to summary</a></p><h3 id="m2">leaplogin.BrowsersTestMain#testLeaplogin</h3><table class="result"><tr class="param"><th>Parameter #1</th><th>Parameter #2</th><th>Parameter #3</th><th>Parameter #4</th><th>Parameter #5</th></tr><tr class="param stripe"><td>20</td><td>18</td><td>500000</td><td>15</td><td>10</td></tr></table><p class="totop"><a href="#summary">back to summary</a></p><h3 id="m3">leaplogin.BrowsersTestMain#testLeaplogin</h3><table class="result"><tr class="param"><th>Parameter #1</th><th>Parameter #2</th><th>Parameter #3</th><th>Parameter #4</th><th>Parameter #5</th></tr><tr class="param stripe"><td>22</td><td>20</td><td>600000</td><td>30</td><td>20</td></tr></table><p class="totop"><a href="#summary">back to summary</a></p><h3 id="m4">leaplogin.BrowsersTestMain#testLeaplogin</h3><table class="result"><tr class="param"><th>Parameter #1</th><th>Parameter #2</th><th>Parameter #3</th><th>Parameter #4</th><th>Parameter #5</th></tr><tr class="param stripe"><td>24</td><td>22</td><td>750000</td><td>15</td><td>25</td></tr></table><p class="totop"><a href="#summary">back to summary</a></p><h2>Vmfx</h2><h3 id="m5">leaplogin.BrowsersTestMain#testLeaplogin</h3><table class="result"><tr class="param"><th>Parameter #1</th><th>Parameter #2</th><th>Parameter #3</th><th>Parameter #4</th><th>Parameter #5</th></tr><tr class="param stripe"><td>20</td><td>18</td><td>500000</td><td>15</td><td>10</td></tr></table><p class="totop"><a href="#summary">back to summary</a></p><h3 id="m6">leaplogin.BrowsersTestMain#testLeaplogin</h3><table class="result"><tr class="param"><th>Parameter #1</th><th>Parameter #2</th><th>Parameter #3</th><th>Parameter #4</th><th>Parameter #5</th></tr><tr class="param stripe"><td>24</td><td>22</td><td>750000</td><td>15</td><td>25</td></tr></table><p class="totop"><a href="#summary">back to summary</a></p><h3 id="m7">leaplogin.BrowsersTestMain#testLeaplogin</h3><table class="result"><tr class="param"><th>Parameter #1</th><th>Parameter #2</th><th>Parameter #3</th><th>Parameter #4</th><th>Parameter #5</th></tr><tr class="param stripe"><td>22</td><td>20</td><td>600000</td><td>30</td><td>20</td></tr></table><p class="totop"><a href="#summary">back to summary</a></p></body></html>